<?xml version="1.0" encoding="UTF-8"?>
<testng-results skipped="0" failed="0" ignored="0" total="1" passed="1">
  <reporter-output>
  </reporter-output>
  <suite name="Default suite" duration-ms="90753" started-at="2019-07-14T04:54:01Z" finished-at="2019-07-14T04:55:32Z">
    <groups>
    </groups>
    <test name="Default test" duration-ms="90753" started-at="2019-07-14T04:54:01Z" finished-at="2019-07-14T04:55:32Z">
      <class name="MOF_testcases.toRegisterUser">
        <test-method status="PASS" signature="initializeWebdriver()[pri:0, instance:MOF_testcases.toRegisterUser@5442a311]" name="initializeWebdriver" is-config="true" duration-ms="1449" started-at="2019-07-14T04:53:59Z" finished-at="2019-07-14T04:54:01Z">
          <reporter-output>
          </reporter-output>
        </test-method> <!-- initializeWebdriver -->
        <test-method status="PASS" signature="beforeTestKillBrowser(org.testng.ITestContext)[pri:0, instance:MOF_testcases.toRegisterUser@5442a311]" name="beforeTestKillBrowser" is-config="true" duration-ms="11" started-at="2019-07-14T04:54:01Z" finished-at="2019-07-14T04:54:01Z">
          <params>
            <param index="0">
              <value>
                <![CDATA[org.testng.TestRunner@4dcbae55]]>
              </value>
            </param>
          </params>
          <reporter-output>
          </reporter-output>
        </test-method> <!-- beforeTestKillBrowser -->
        <test-method status="PASS" signature="launchApplication(org.testng.ITestContext)[pri:0, instance:MOF_testcases.toRegisterUser@5442a311]" name="launchApplication" is-config="true" duration-ms="38772" started-at="2019-07-14T04:54:01Z" finished-at="2019-07-14T04:54:40Z">
          <params>
            <param index="0">
              <value>
                <![CDATA[org.testng.TestRunner@4dcbae55]]>
              </value>
            </param>
          </params>
          <reporter-output>
          </reporter-output>
        </test-method> <!-- launchApplication -->
        <test-method status="PASS" signature="toTestRegisteruserFunctionality()[pri:0, instance:MOF_testcases.toRegisterUser@5442a311]" name="toTestRegisteruserFunctionality" duration-ms="51340" started-at="2019-07-14T04:54:40Z" finished-at="2019-07-14T04:55:31Z">
          <reporter-output>
          </reporter-output>
        </test-method> <!-- toTestRegisteruserFunctionality -->
        <test-method status="PASS" signature="quitWebdriver(org.testng.ITestContext)[pri:0, instance:MOF_testcases.toRegisterUser@5442a311]" name="quitWebdriver" is-config="true" duration-ms="606" started-at="2019-07-14T04:55:31Z" finished-at="2019-07-14T04:55:32Z">
          <params>
            <param index="0">
              <value>
                <![CDATA[org.testng.TestRunner@4dcbae55]]>
              </value>
            </param>
          </params>
          <reporter-output>
          </reporter-output>
        </test-method> <!-- quitWebdriver -->
        <test-method status="PASS" signature="sendReportEmail()[pri:0, instance:MOF_testcases.toRegisterUser@5442a311]" name="sendReportEmail" is-config="true" duration-ms="419" started-at="2019-07-14T04:55:32Z" finished-at="2019-07-14T04:55:32Z">
          <reporter-output>
          </reporter-output>
        </test-method> <!-- sendReportEmail -->
      </class> <!-- MOF_testcases.toRegisterUser -->
    </test> <!-- Default test -->
  </suite> <!-- Default suite -->
</testng-results>
