<?xml version="1.0" encoding="UTF-8"?>
<testng-results skipped="1" failed="0" ignored="0" total="1" passed="0">
  <reporter-output>
  </reporter-output>
  <suite name="Default suite" duration-ms="618" started-at="2019-07-14T05:59:52Z" finished-at="2019-07-14T05:59:53Z">
    <groups>
    </groups>
    <test name="Default test" duration-ms="618" started-at="2019-07-14T05:59:52Z" finished-at="2019-07-14T05:59:53Z">
      <class name="MOF_testcases.toRegisterUserusingDataProvider">
        <test-method status="PASS" signature="initializeWebdriver()[pri:0, instance:MOF_testcases.toRegisterUserusingDataProvider@5442a311]" name="initializeWebdriver" is-config="true" duration-ms="1228" started-at="2019-07-14T05:59:51Z" finished-at="2019-07-14T05:59:52Z">
          <reporter-output>
          </reporter-output>
        </test-method> <!-- initializeWebdriver -->
        <test-method status="SKIP" signature="toTestRegisteruserFunctionality(java.lang.String, java.lang.String, java.lang.String)[pri:0, instance:MOF_testcases.toRegisterUserusingDataProvider@5442a311]" name="toTestRegisteruserFunctionality" duration-ms="0" started-at="2019-07-14T05:59:53Z" data-provider="mofUserDetails" finished-at="2019-07-14T05:59:53Z">
          <exception class="java.lang.RuntimeException">
            <message>
              <![CDATA[java.lang.NullPointerException]]>
            </message>
            <full-stacktrace>
              <![CDATA[java.lang.RuntimeException: java.lang.NullPointerException
at org.testng.internal.MethodInvocationHelper.invokeMethodNoCheckedException(MethodInvocationHelper.java:49)
at org.testng.internal.MethodInvocationHelper.invokeDataProvider(MethodInvocationHelper.java:131)
at org.testng.internal.Parameters.handleParameters(Parameters.java:706)
at org.testng.internal.ParameterHandler.handleParameters(ParameterHandler.java:49)
at org.testng.internal.ParameterHandler.createParameters(ParameterHandler.java:37)
at org.testng.internal.Invoker.invokeTestMethods(Invoker.java:924)
at org.testng.internal.TestMethodWorker.invokeTestMethods(TestMethodWorker.java:125)
at org.testng.internal.TestMethodWorker.run(TestMethodWorker.java:109)
at org.testng.TestRunner.privateRun(TestRunner.java:648)
at org.testng.TestRunner.run(TestRunner.java:505)
at org.testng.SuiteRunner.runTest(SuiteRunner.java:455)
at org.testng.SuiteRunner.runSequentially(SuiteRunner.java:450)
at org.testng.SuiteRunner.privateRun(SuiteRunner.java:415)
at org.testng.SuiteRunner.run(SuiteRunner.java:364)
at org.testng.SuiteRunnerWorker.runSuite(SuiteRunnerWorker.java:52)
at org.testng.SuiteRunnerWorker.run(SuiteRunnerWorker.java:84)
at org.testng.TestNG.runSuitesSequentially(TestNG.java:1208)
at org.testng.TestNG.runSuitesLocally(TestNG.java:1137)
at org.testng.TestNG.runSuites(TestNG.java:1049)
at org.testng.TestNG.run(TestNG.java:1017)
at org.testng.remote.AbstractRemoteTestNG.run(AbstractRemoteTestNG.java:114)
at org.testng.remote.RemoteTestNG.initAndRun(RemoteTestNG.java:251)
at org.testng.remote.RemoteTestNG.main(RemoteTestNG.java:77)
Caused by: java.lang.NullPointerException
at SupportLibraries.ExcelUtil.getCellData(ExcelUtil.java:50)
at SupportLibraries.ExcelUtil.getTableArray(ExcelUtil.java:31)
at MOF_testcases.toRegisterUserusingDataProvider.signUpData(toRegisterUserusingDataProvider.java:34)
at sun.reflect.NativeMethodAccessorImpl.invoke0(Native Method)
at sun.reflect.NativeMethodAccessorImpl.invoke(NativeMethodAccessorImpl.java:62)
at sun.reflect.DelegatingMethodAccessorImpl.invoke(DelegatingMethodAccessorImpl.java:43)
at java.lang.reflect.Method.invoke(Method.java:498)
at org.testng.internal.MethodInvocationHelper.invokeMethod(MethodInvocationHelper.java:124)
at org.testng.internal.MethodInvocationHelper.invokeMethod(MethodInvocationHelper.java:74)
at org.testng.internal.MethodInvocationHelper.invokeMethodNoCheckedException(MethodInvocationHelper.java:45)
... 22 more
]]>
            </full-stacktrace>
          </exception> <!-- java.lang.RuntimeException -->
          <reporter-output>
          </reporter-output>
        </test-method> <!-- toTestRegisteruserFunctionality -->
      </class> <!-- MOF_testcases.toRegisterUserusingDataProvider -->
    </test> <!-- Default test -->
  </suite> <!-- Default suite -->
</testng-results>
