<?xml version="1.0" encoding="UTF-8"?>
<!-- Generated by org.testng.reporters.JUnitXMLReporter -->
<testsuite hostname="MPINDO02PC560" ignored="0" name="API_V2_GetChatWindowsDetails_CST_EST_MST_PST" tests="1" failures="0" timestamp="23 Aug 2018 13:21:22 GMT" time="36.536" errors="0">
  <testcase name="V2_GetChatWindowsDetails_CST_EST_MST_PST" time="35.487" classname="Ebiz.APIsTest.API_V2_GetChatWindowsDetails_CST_EST_MST_PST"/>
</testsuite> <!-- API_V2_GetChatWindowsDetails_CST_EST_MST_PST -->
