<?xml version="1.0" encoding="UTF-8"?>
<!-- Generated by org.testng.reporters.JUnitXMLReporter -->
<testsuite hostname="MPINDO02PC560" ignored="0" name="API_V1_Post_ContactUs_extrapickup_bulkpickup" tests="1" failures="0" timestamp="23 Aug 2018 13:18:48 GMT" time="15.549" errors="0">
  <testcase name="V1_Post_ContactUs_extrapickup_bulkpickup" time="14.468" classname="Ebiz.APIsTest.API_V1_Post_ContactUs_extrapickup_bulkpickup"/>
</testsuite> <!-- API_V1_Post_ContactUs_extrapickup_bulkpickup -->
