<?xml version="1.0" encoding="UTF-8"?>
<!-- Generated by org.testng.reporters.JUnitXMLReporter -->
<testsuite hostname="MPINDO02PC560" ignored="0" name="API_RegisterUser_LogoutUser_LoginUser_V2Login_RenewAccessToken" tests="1" failures="0" timestamp="23 Aug 2018 13:06:47 GMT" time="13.553" errors="0">
  <testcase name="RegisterUser_LogoutUser_LoginUser_V2Login_RenewAccessToken" time="12.427" classname="Ebiz.APIsTest.API_RegisterUser_LogoutUser_LoginUser_V2Login_RenewAccessToken"/>
</testsuite> <!-- API_RegisterUser_LogoutUser_LoginUser_V2Login_RenewAccessToken -->
