<?xml version="1.0" encoding="UTF-8"?>
<!-- Generated by org.testng.reporters.JUnitXMLReporter -->
<testsuite hostname="MPINDO02PC560" ignored="0" name="API_V1_GetUserDetails_UpdateUserDetails_ConfirmChanges_UpdateSecurityquestion" tests="1" failures="0" timestamp="23 Aug 2018 13:16:44 GMT" time="13.73" errors="0">
  <testcase name="V1_GetUserDetails_UpdateUserDetails_ConfirmChanges_UpdateSecurityquestion" time="12.686" classname="Ebiz.APIsTest.API_V1_GetUserDetails_UpdateUserDetails_ConfirmChanges_UpdateSecurityquestion"/>
</testsuite> <!-- API_V1_GetUserDetails_UpdateUserDetails_ConfirmChanges_UpdateSecurityquestion -->
