<?xml version="1.0" encoding="UTF-8"?>
<!-- Generated by org.testng.reporters.JUnitXMLReporter -->
<testsuite hostname="MPINDO02PC560" ignored="0" name="Banner_Navigation_Dumpster_Temporary_Service_should_Changed" tests="1" failures="0" timestamp="19 Jul 2018 14:03:50 GMT" time="114.979" errors="0">
  <testcase name="Banner_Navigation_Dumpster_Temporary_Service_should_Changed" time="86.373" classname="Ebiz.Ecom.Banner_Navigation_Dumpster_Temporary_Service_should_Changed"/>
</testsuite> <!-- Banner_Navigation_Dumpster_Temporary_Service_should_Changed -->
