<?xml version="1.0" encoding="UTF-8"?>
<!-- Generated by org.testng.reporters.JUnitXMLReporter -->
<testsuite hostname="MPINDO02PC560" ignored="0" name="Busi_Resi_ValidaddressbutNOTpresentinMASandSFDC_Diffferentservices" tests="1" failures="0" timestamp="23 Jul 2018 14:40:57 GMT" time="118.035" errors="0">
  <testcase name="Busi_Resi_ValidaddressbutNOTpresentinMASandSFDC_Diffferentservices" time="92.662" classname="Ebiz.Regression.Busi_Resi_ValidaddressbutNOTpresentinMASandSFDC_Diffferentservices"/>
</testsuite> <!-- Busi_Resi_ValidaddressbutNOTpresentinMASandSFDC_Diffferentservices -->
