<?xml version="1.0" encoding="UTF-8"?>
<!-- Generated by org.testng.reporters.JUnitXMLReporter -->
<testsuite hostname="MPINDO02PC560" ignored="0" name="BusinessLandingPage_UIvalidation_AnonymousUser" tests="1" failures="0" timestamp="23 Jul 2018 14:58:21 GMT" time="185.279" errors="0">
  <testcase name="BusinessLandingPage_UIvalidation_AnonymousUser" time="166.83" classname="Ebiz.Regression.BusinessLandingPage_UIvalidation_AnonymousUser"/>
</testsuite> <!-- BusinessLandingPage_UIvalidation_AnonymousUser -->
