<?xml version="1.0" encoding="UTF-8"?>
<!-- Generated by org.testng.reporters.JUnitXMLReporter -->
<testsuite hostname="MPINDO02PC560" ignored="0" name="BusinessGuest_SubcatergoryMercury_RecyclingValidate_E2E_checkout" tests="1" failures="0" timestamp="23 Jul 2018 14:43:00 GMT" time="123.355" errors="0">
  <testcase name="BusinessGuest_SubcatergoryMercury_RecyclingValidate_E2E_checkout" time="93.794" classname="Ebiz.Regression.BusinessGuest_SubcatergoryMercury_RecyclingValidate_E2E_checkout"/>
</testsuite> <!-- BusinessGuest_SubcatergoryMercury_RecyclingValidate_E2E_checkout -->
