<?xml version="1.0" encoding="UTF-8"?>
<!-- Generated by org.testng.reporters.JUnitXMLReporter -->
<testsuite hostname="MPINDO02PC560" ignored="0" name="BusinessLandingPage_UIvalidation_AddressedCookied" tests="1" failures="0" timestamp="23 Jul 2018 14:55:16 GMT" time="735.568" errors="0">
  <testcase name="BusinessLandingPage_UIvalidation_AddressedCookied" time="709.242" classname="Ebiz.Regression.BusinessLandingPage_UIvalidation_AddressedCookied"/>
</testsuite> <!-- BusinessLandingPage_UIvalidation_AddressedCookied -->
