<?xml version="1.0" encoding="UTF-8"?>
<!-- Generated by org.testng.reporters.JUnitXMLReporter -->
<testsuite hostname="MPINDO02PC560" ignored="0" name="CSRReports_CSRTransactionSummary_CSRTransactionDetail" tests="1" failures="0" timestamp="19 Jul 2018 08:00:14 GMT" time="50.888" errors="0">
  <testcase name="CSRReports_CSRTransactionSummary_CSRTransactionDetail" time="38.174" classname="Ebiz.CSRReports_CSRTransactionSummary_CSRTransactionDetail"/>
</testsuite> <!-- CSRReports_CSRTransactionSummary_CSRTransactionDetail -->
