<?xml version="1.0" encoding="UTF-8"?>
<!-- Generated by org.testng.reporters.JUnitXMLReporter -->
<testsuite hostname="MPINDO02PC560" ignored="0" name="CustomerSupport_ChangeReq_RequestNewService_ResiNavigationCheck" tests="1" failures="0" timestamp="05 Jul 2018 11:24:00 GMT" time="94.2" errors="0">
  <testcase name="CustomerSupport_ChangeReq_RequestNewService_ResiNavigationCheck" time="80.893" classname="Ebiz.CustomerSupport.CustomerSupport_ChangeReq_RequestNewService_ResiNavigationCheck"/>
</testsuite> <!-- CustomerSupport_ChangeReq_RequestNewService_ResiNavigationCheck -->
