<?xml version="1.0" encoding="UTF-8"?>
<!-- Generated by org.testng.reporters.JUnitXMLReporter -->
<testsuite hostname="MPINDO02PC560" ignored="0" name="CustomerSupport_ChangeReq_ExtraPickUp_Guest_Recycling" tests="1" failures="0" timestamp="29 Aug 2018 12:46:49 GMT" time="105.598" errors="0">
  <testcase name="CustomerSupport_ChangeReq_ExtraPickUp_Guest_Recycling" time="90.65" classname="Ebiz.CustomerSupport.CustomerSupport_ChangeReq_ExtraPickUp_Guest_Recycling"/>
</testsuite> <!-- CustomerSupport_ChangeReq_ExtraPickUp_Guest_Recycling -->
