<?xml version="1.0" encoding="UTF-8"?>
<!-- Generated by org.testng.reporters.JUnitXMLReporter -->
<testsuite hostname="MPINDO02PC560" ignored="0" name="CustomerSupport_ChangeReq_ChangeExistingSrvc_NotWMCustomerFlow_OtherServ" tests="1" failures="0" timestamp="29 Aug 2018 12:42:02 GMT" time="104.329" errors="0">
  <testcase name="CustomerSupport_ChangeReq_ChangeExistingSrvc_NotWMCustomerFlow_OtherServ" time="85.364" classname="Ebiz.CustomerSupport.CustomerSupport_ChangeReq_ChangeExistingSrvc_NotWMCustomerFlow_OtherServ"/>
</testsuite> <!-- CustomerSupport_ChangeReq_ChangeExistingSrvc_NotWMCustomerFlow_OtherServ -->
