<?xml version="1.0" encoding="UTF-8"?>
<!-- Generated by org.testng.reporters.JUnitXMLReporter -->
<testsuite hostname="MPINDO02PC560" ignored="0" name="CustomerSupport_ChangeReq_ExtraPickUp_Login_Waste" tests="1" failures="0" timestamp="29 Aug 2018 12:52:25 GMT" time="125.13" errors="0">
  <testcase name="CustomerSupport_ChangeReq_ExtraPickUp_Login_Waste" time="94.039" classname="Ebiz.CustomerSupport.CustomerSupport_ChangeReq_ExtraPickUp_Login_Waste"/>
</testsuite> <!-- CustomerSupport_ChangeReq_ExtraPickUp_Login_Waste -->
