<?xml version="1.0" encoding="UTF-8"?>
<!-- Generated by org.testng.reporters.JUnitXMLReporter -->
<testsuite hostname="MPINDO02PC560" ignored="0" name="CustomerSupport_ChangeReq_ChangeExistingSrvc_GuestFlow_NoCustomerID_SuspendServc" tests="1" failures="0" timestamp="29 Aug 2018 12:37:20 GMT" time="93.838" errors="0">
  <testcase name="CustomerSupport_ChangeReq_ChangeExistingSrvc_GuestFlow_NoCustomerID_SuspendServc" time="81.216" classname="Ebiz.CustomerSupport.CustomerSupport_ChangeReq_ChangeExistingSrvc_GuestFlow_NoCustomerID_SuspendServc"/>
</testsuite> <!-- CustomerSupport_ChangeReq_ChangeExistingSrvc_GuestFlow_NoCustomerID_SuspendServc -->
