<?xml version="1.0" encoding="UTF-8"?>
<!-- Generated by org.testng.reporters.JUnitXMLReporter -->
<testsuite hostname="MPINDO02PC560" ignored="0" name="CustomerSupport_ChangeReq_ChangeExistingSrvc_GuestFlow_NoCustomerID_IncreaseServc" tests="1" failures="0" timestamp="29 Aug 2018 12:32:18 GMT" time="95.967" errors="0">
  <testcase name="CustomerSupport_ChangeReq_ChangeExistingSrvc_GuestFlow_NoCustomerID_IncreaseServc" time="82.34" classname="Ebiz.CustomerSupport.CustomerSupport_ChangeReq_ChangeExistingSrvc_GuestFlow_NoCustomerID_IncreaseServc"/>
</testsuite> <!-- CustomerSupport_ChangeReq_ChangeExistingSrvc_GuestFlow_NoCustomerID_IncreaseServc -->
