<?xml version="1.0" encoding="UTF-8"?>
<!-- Generated by org.testng.reporters.JUnitXMLReporter -->
<testsuite hostname="MPINDO02PC560" ignored="0" name="CustomerSupport_ChangeReq_ExtraPickUp_Login_Recycling" tests="1" failures="0" timestamp="29 Aug 2018 12:50:20 GMT" time="113.03" errors="0">
  <testcase name="CustomerSupport_ChangeReq_ExtraPickUp_Login_Recycling" time="94.678" classname="Ebiz.CustomerSupport.CustomerSupport_ChangeReq_ExtraPickUp_Login_Recycling"/>
</testsuite> <!-- CustomerSupport_ChangeReq_ExtraPickUp_Login_Recycling -->
