<?xml version="1.0" encoding="UTF-8"?>
<!-- Generated by org.testng.reporters.JUnitXMLReporter -->
<testsuite hostname="MPINDO02PC560" ignored="0" name="CustomerSupport_ChangeReq_ChangeExistingSrvc_NotWMCustomerFlow_ResumeServc" tests="1" failures="0" timestamp="29 Aug 2018 12:43:32 GMT" time="89.74" errors="0">
  <testcase name="CustomerSupport_ChangeReq_ChangeExistingSrvc_NotWMCustomerFlow_ResumeServc" time="75.892" classname="Ebiz.CustomerSupport.CustomerSupport_ChangeReq_ChangeExistingSrvc_NotWMCustomerFlow_ResumeServc"/>
</testsuite> <!-- CustomerSupport_ChangeReq_ChangeExistingSrvc_NotWMCustomerFlow_ResumeServc -->
