<?xml version="1.0" encoding="UTF-8"?>
<!-- Generated by org.testng.reporters.JUnitXMLReporter -->
<testsuite hostname="MPINDO02PC560" ignored="0" name="CustomerSupport_MultipleReq_ChangeReq_ExtraPickUp_Guest_Recycling" tests="1" failures="1" timestamp="05 Jul 2018 11:24:15 GMT" time="15.08" errors="0">
  <testcase name="CustomerSupport_MultipleReq_ChangeReq_ExtraPickUp_Guest_Recycling" time="14.005" classname="Ebiz.CustomerSupport.CustomerSupport_MultipleReq_ChangeReq_ExtraPickUp_Guest_Recycling">
    <failure type="org.openqa.selenium.NoSuchSessionException" message="Session ID is null. Using WebDriver after calling quit()?
Build info: version: &amp;apos;3.12.0&amp;apos;, revision: &amp;apos;7c6e0b3&amp;apos;, time: &amp;apos;2018-05-08T14:04:26.12Z&amp;apos;
System info: host: &amp;apos;MPINDO02PC560&amp;apos;, ip: &amp;apos;10.132.34.185&amp;apos;, os.name: &amp;apos;Windows 10&amp;apos;, os.arch: &amp;apos;amd64&amp;apos;, os.version: &amp;apos;10.0&amp;apos;, java.version: &amp;apos;1.8.0_60&amp;apos;
Driver info: driver.version: RemoteWebDriver">
      <![CDATA[org.openqa.selenium.NoSuchSessionException: Session ID is null. Using WebDriver after calling quit()?
Build info: version: '3.12.0', revision: '7c6e0b3', time: '2018-05-08T14:04:26.12Z'
System info: host: 'MPINDO02PC560', ip: '10.132.34.185', os.name: 'Windows 10', os.arch: 'amd64', os.version: '10.0', java.version: '1.8.0_60'
Driver info: driver.version: RemoteWebDriver
at org.openqa.selenium.remote.HttpCommandExecutor.execute(HttpCommandExecutor.java:125)
at org.openqa.selenium.remote.service.DriverCommandExecutor.execute(DriverCommandExecutor.java:83)
at org.openqa.selenium.remote.RemoteWebDriver.execute(RemoteWebDriver.java:543)
at org.openqa.selenium.remote.RemoteWebDriver.execute(RemoteWebDriver.java:600)
at org.openqa.selenium.remote.RemoteWebDriver.getScreenshotAs(RemoteWebDriver.java:289)
at SupportLibraries.Util.capture(Util.java:74)
at SupportLibraries.report.FailTest(report.java:152)
at Ebiz.CustomerSupport.CustomerSupport_MultipleReq_ChangeReq_ExtraPickUp_Guest_Recycling.CustomerSupport_MultipleReq_ChangeReq_ExtraPickUp_Guest_Recycling(CustomerSupport_MultipleReq_ChangeReq_ExtraPickUp_Guest_Recycling.java:74)
at java.util.concurrent.FutureTask.run(FutureTask.java:266)
at java.util.concurrent.ThreadPoolExecutor.runWorker(ThreadPoolExecutor.java:1142)
at java.util.concurrent.ThreadPoolExecutor$Worker.run(ThreadPoolExecutor.java:617)
at java.lang.Thread.run(Thread.java:745)
... Removed 16 stack frames]]>
    </failure>
  </testcase> <!-- CustomerSupport_MultipleReq_ChangeReq_ExtraPickUp_Guest_Recycling -->
</testsuite> <!-- CustomerSupport_MultipleReq_ChangeReq_ExtraPickUp_Guest_Recycling -->
