<?xml version="1.0" encoding="UTF-8"?>
<!-- Generated by org.testng.reporters.JUnitXMLReporter -->
<testsuite hostname="MPINDO02PC560" ignored="0" name="CustomerSupport_ChangeReq_ChangeExistingSrvc_NotWMCustomerFlow_SuspendServc" tests="1" failures="0" timestamp="29 Aug 2018 12:45:04 GMT" time="91.275" errors="0">
  <testcase name="CustomerSupport_ChangeReq_ChangeExistingSrvc_NotWMCustomerFlow_SuspendServc" time="76.64" classname="Ebiz.CustomerSupport.CustomerSupport_ChangeReq_ChangeExistingSrvc_NotWMCustomerFlow_SuspendServc"/>
</testsuite> <!-- CustomerSupport_ChangeReq_ChangeExistingSrvc_NotWMCustomerFlow_SuspendServc -->
