<?xml version="1.0" encoding="UTF-8"?>
<!-- Generated by org.testng.reporters.JUnitXMLReporter -->
<testsuite hostname="MPINDO02PC560" ignored="0" name="CustomerSupport_ChangeReq_ChangeExistingSrvc_GuestFlow_NoCustomerID_OtherServ" tests="1" failures="0" timestamp="29 Aug 2018 12:34:15 GMT" time="117.422" errors="0">
  <testcase name="CustomerSupport_ChangeReq_ChangeExistingSrvc_GuestFlow_NoCustomerID_OtherServ" time="97.56" classname="Ebiz.CustomerSupport.CustomerSupport_ChangeReq_ChangeExistingSrvc_GuestFlow_NoCustomerID_OtherServ"/>
</testsuite> <!-- CustomerSupport_ChangeReq_ChangeExistingSrvc_GuestFlow_NoCustomerID_OtherServ -->
