<?xml version="1.0" encoding="UTF-8"?>
<!-- Generated by org.testng.reporters.JUnitXMLReporter -->
<testsuite hostname="MPINDO02PC560" ignored="0" name="CustomerSupport_ChangeReq_BulkPickUp_Guest" tests="1" failures="0" timestamp="29 Aug 2018 12:26:46 GMT" time="97.916" errors="0">
  <testcase name="CustomerSupport_ChangeReq_BulkPickUp_Guest" time="85.923" classname="Ebiz.CustomerSupport.CustomerSupport_ChangeReq_BulkPickUp_Guest"/>
</testsuite> <!-- CustomerSupport_ChangeReq_BulkPickUp_Guest -->
