<?xml version="1.0" encoding="UTF-8"?>
<!-- Generated by org.testng.reporters.JUnitXMLReporter -->
<testsuite hostname="MPINDO02PC560" ignored="0" name="CustomerSupport_ChangeReq_ChangeExistingSrvc_NotWMCustomerFlow_IncreaseServc" tests="1" failures="0" timestamp="29 Aug 2018 12:40:18 GMT" time="86.955" errors="0">
  <testcase name="CustomerSupport_ChangeReq_ChangeExistingSrvc_NotWMCustomerFlow_IncreaseServc" time="76.289" classname="Ebiz.CustomerSupport.CustomerSupport_ChangeReq_ChangeExistingSrvc_NotWMCustomerFlow_IncreaseServc"/>
</testsuite> <!-- CustomerSupport_ChangeReq_ChangeExistingSrvc_NotWMCustomerFlow_IncreaseServc -->
