<?xml version="1.0" encoding="UTF-8"?>
<!-- Generated by org.testng.reporters.JUnitXMLReporter -->
<testsuite hostname="MPINDO02PC560" ignored="0" name="CustomerSupport_ChangeReq_RequestNewService_BusinessNavigationCheck" tests="1" failures="0" timestamp="29 Aug 2018 12:53:31 GMT" time="65.861" errors="0">
  <testcase name="CustomerSupport_ChangeReq_RequestNewService_BusinessNavigationCheck" time="51.092" classname="Ebiz.CustomerSupport.CustomerSupport_ChangeReq_RequestNewService_BusinessNavigationCheck"/>
</testsuite> <!-- CustomerSupport_ChangeReq_RequestNewService_BusinessNavigationCheck -->
