<?xml version="1.0" encoding="UTF-8"?>
<!-- Generated by org.testng.reporters.JUnitXMLReporter -->
<testsuite hostname="MPINDO02PC560" ignored="0" name="CustomerSupport_ChangeReq_ChangeExistingSrvc_GuestFlow_NoCustomerID_DecreaseServc" tests="1" failures="0" timestamp="29 Aug 2018 12:30:42 GMT" time="135.26" errors="0">
  <testcase name="CustomerSupport_ChangeReq_ChangeExistingSrvc_GuestFlow_NoCustomerID_DecreaseServc" time="121.298" classname="Ebiz.CustomerSupport.CustomerSupport_ChangeReq_ChangeExistingSrvc_GuestFlow_NoCustomerID_DecreaseServc"/>
</testsuite> <!-- CustomerSupport_ChangeReq_ChangeExistingSrvc_GuestFlow_NoCustomerID_DecreaseServc -->
