<?xml version="1.0" encoding="UTF-8"?>
<!-- Generated by org.testng.reporters.JUnitXMLReporter -->
<testsuite hostname="MPINDO02PC560" ignored="0" name="Dumpster_Checkout_Submit_Order_RegisteredUsers_NewPaymentMethod_DoNotSave" tests="1" failures="0" timestamp="19 Jul 2018 14:17:06 GMT" time="288.894" errors="0">
  <testcase name="Dumpster_Checkout_Submit_Order_RegisteredUsers_NewPaymentMethod_DoNotSave" time="245.01" classname="Ebiz.Ecom.Dumpster_Checkout_Submit_Order_RegisteredUsers_NewPaymentMethod_DoNotSave"/>
</testsuite> <!-- Dumpster_Checkout_Submit_Order_RegisteredUsers_NewPaymentMethod_DoNotSave -->
