<?xml version="1.0" encoding="UTF-8"?>
<!-- Generated by org.testng.reporters.JUnitXMLReporter -->
<testsuite hostname="MPINDO02PC560" ignored="0" name="DumpsterShoppingCart002RemoveproductsfromthecartMultipleproductsaddedtocart" tests="1" failures="0" timestamp="23 Jul 2018 15:18:07 GMT" time="229.162" errors="0">
  <testcase name="DumpsterShoppingCart002RemoveproductsfromthecartMultipleproductsaddedtocart" time="206.391" classname="Ebiz.Regression.DumpsterShoppingCart002RemoveproductsfromthecartMultipleproductsaddedtocart"/>
</testsuite> <!-- DumpsterShoppingCart002RemoveproductsfromthecartMultipleproductsaddedtocart -->
