<?xml version="1.0" encoding="UTF-8"?>
<!-- Generated by org.testng.reporters.JUnitXMLReporter -->
<testsuite hostname="MPINDO02PC560" ignored="0" name="DumpsterCheckoutSubmit_OrderGuestUserExpressRegistration" tests="1" failures="0" timestamp="19 Jul 2018 08:14:56 GMT" time="331.545" errors="0">
  <testcase name="DumpsterCheckoutSubmit_OrderGuestUserExpressRegistrationE2E" time="318.031" classname="Ebiz.DumpsterCheckoutSubmit_OrderGuestUserExpressRegistration"/>
</testsuite> <!-- DumpsterCheckoutSubmit_OrderGuestUserExpressRegistration -->
