<?xml version="1.0" encoding="UTF-8"?>
<!-- Generated by org.testng.reporters.JUnitXMLReporter -->
<testsuite hostname="MPINDO02PC560" ignored="0" name="Dumpster_ChangeOrder_001Registereduser_modify_order" tests="1" failures="0" timestamp="23 Jul 2018 15:07:40 GMT" time="243.603" errors="0">
  <testcase name="Dumpster_ChangeOrder_001Registereduser_modify_order" time="225.972" classname="Ebiz.Regression.Dumpster_ChangeOrder_001Registereduser_modify_order"/>
</testsuite> <!-- Dumpster_ChangeOrder_001Registereduser_modify_order -->
