<?xml version="1.0" encoding="UTF-8"?>
<!-- Generated by org.testng.reporters.JUnitXMLReporter -->
<testsuite hostname="MPINDO02PC560" ignored="0" name="Dumpster_Invalidpromo_clearpromo_removedumpster" tests="1" failures="0" timestamp="23 Jul 2018 15:14:18 GMT" time="91.528" errors="0">
  <testcase name="Dumpster_Invalidpromo_clearpromo_removedumpster" time="74.708" classname="Ebiz.Regression.Dumpster_Invalidpromo_clearpromo_removedumpster"/>
</testsuite> <!-- Dumpster_Invalidpromo_clearpromo_removedumpster -->
