<?xml version="1.0" encoding="UTF-8"?>
<!-- Generated by org.testng.reporters.JUnitXMLReporter -->
<testsuite hostname="MPINDO02PC560" ignored="0" name="Footer_ResiLandingpageforValidaddressbutpresentSFDConly_Differentservices" tests="1" failures="0" timestamp="23 Jul 2018 15:30:46 GMT" time="193.447" errors="0">
  <testcase name="Footer_ResiLandingpageforValidaddressbutpresentSFDConly_Differentservices" time="169.78" classname="Ebiz.Regression.Footer_ResiLandingpageforValidaddressbutpresentSFDConly_Differentservices"/>
</testsuite> <!-- Footer_ResiLandingpageforValidaddressbutpresentSFDConly_Differentservices -->
