<?xml version="1.0" encoding="UTF-8"?>
<!-- Generated by org.testng.reporters.JUnitXMLReporter -->
<testsuite hostname="MPINDO02PC560" ignored="0" name="LampTracker_BusinessUser_GuestUser_FluorescentLamps_Validate_E2ECheckout" tests="1" failures="0" timestamp="19 Jul 2018 14:32:41 GMT" time="169.705" errors="0">
  <testcase name="LampTracker_BusinessUser_GuestUser_FluorescentLamps_Validate_E2ECheckout" time="143.24" classname="Ebiz.Ecom.LampTracker_BusinessUser_GuestUser_FluorescentLamps_Validate_E2ECheckout"/>
</testsuite> <!-- LampTracker_BusinessUser_GuestUser_FluorescentLamps_Validate_E2ECheckout -->
