<?xml version="1.0" encoding="UTF-8"?>
<!-- Generated by org.testng.reporters.JUnitXMLReporter -->
<testsuite hostname="MPINDO02PC560" ignored="0" name="LampTracker_BusinessUser_GuestUser_MedicalWaste_Dental_Validate_E2ECheckout" tests="1" failures="0" timestamp="19 Jul 2018 14:34:01 GMT" time="80.214" errors="0">
  <testcase name="LampTracker_BusinessUser_GuestUser_MedicalWaste_Dental_Validate_E2ECheckout" time="56.039" classname="Ebiz.Ecom.LampTracker_BusinessUser_GuestUser_MedicalWaste_Dental_Validate_E2ECheckout"/>
</testsuite> <!-- LampTracker_BusinessUser_GuestUser_MedicalWaste_Dental_Validate_E2ECheckout -->
