<?xml version="1.0" encoding="UTF-8"?>
<!-- Generated by org.testng.reporters.JUnitXMLReporter -->
<testsuite hostname="MPINDO02PC560" ignored="0" name="LampTracker_Resi_RegisteredUser_MedicalWaste_Validate_E2ECheckout" tests="1" failures="0" timestamp="19 Jul 2018 14:50:21 GMT" time="254.518" errors="0">
  <testcase name="LampTracker_Resi_RegisteredUser_MedicalWaste_Validate_E2ECheckout" time="230.846" classname="Ebiz.Ecom.LampTracker_Resi_RegisteredUser_MedicalWaste_Validate_E2ECheckout"/>
</testsuite> <!-- LampTracker_Resi_RegisteredUser_MedicalWaste_Validate_E2ECheckout -->
