<?xml version="1.0" encoding="UTF-8"?>
<!-- Generated by org.testng.reporters.JUnitXMLReporter -->
<testsuite hostname="MPINDO02PC560" ignored="0" name="Lamptracker_Registered_User_Promotion_code_offers_percentage_discount" tests="1" failures="0" timestamp="19 Jul 2018 08:27:16 GMT" time="157.65" errors="0">
  <testcase name="Lamptracker_Registered_User_Promotion_code_offers_percentage_discount" time="140.223" classname="Ebiz.Lamptracker_Registered_User_Promotion_code_offers_percentage_discount"/>
</testsuite> <!-- Lamptracker_Registered_User_Promotion_code_offers_percentage_discount -->
