<?xml version="1.0" encoding="UTF-8"?>
<!-- Generated by org.testng.reporters.JUnitXMLReporter -->
<testsuite hostname="MPINDO02PC560" ignored="0" name="LampTracker_Home_GuestUser_CFLs_Flourescent_Validate_E2E_checkout" tests="1" failures="0" timestamp="19 Jul 2018 08:20:38 GMT" time="127.332" errors="0">
  <testcase name="LampTracker_Home_GuestUser_CFLs_Flourescent_Validate_E2E_checkout" time="113.238" classname="Ebiz.LampTracker_Home_GuestUser_CFLs_Flourescent_Validate_E2E_checkout"/>
</testsuite> <!-- LampTracker_Home_GuestUser_CFLs_Flourescent_Validate_E2E_checkout -->
