<?xml version="1.0" encoding="UTF-8"?>
<!-- Generated by org.testng.reporters.JUnitXMLReporter -->
<testsuite hostname="MPINDO02PC560" ignored="0" name="LampTracker_BusinessUser_GuestUser_FluorescentBulb_Validate_E2ECheckout" tests="1" failures="0" timestamp="19 Jul 2018 14:29:51 GMT" time="154.364" errors="0">
  <testcase name="LampTracker_BusinessUser_GuestUser_FluorescentBulb_Validate_E2ECheckout" time="132.522" classname="Ebiz.Ecom.LampTracker_BusinessUser_GuestUser_FluorescentBulb_Validate_E2ECheckout"/>
</testsuite> <!-- LampTracker_BusinessUser_GuestUser_FluorescentBulb_Validate_E2ECheckout -->
