<?xml version="1.0" encoding="UTF-8"?>
<!-- Generated by org.testng.reporters.JUnitXMLReporter -->
<testsuite hostname="MPINDO02PC560" ignored="0" name="LampTracker_Home_RegisteredUser_CFLs_Flourescent_Functionality_Continue_Shopping" tests="1" failures="0" timestamp="19 Jul 2018 08:22:34 GMT" time="115.827" errors="0">
  <testcase name="LampTracker_Home_RegisteredUser_CFLs_Flourescent_Functionality_Continue_Shopping" time="100.545" classname="Ebiz.LampTracker_Home_RegisteredUser_CFLs_Flourescent_Functionality_Continue_Shopping"/>
</testsuite> <!-- LampTracker_Home_RegisteredUser_CFLs_Flourescent_Functionality_Continue_Shopping -->
