<?xml version="1.0" encoding="UTF-8"?>
<!-- Generated by org.testng.reporters.JUnitXMLReporter -->
<testsuite hostname="MPINDO02PC560" ignored="0" name="LampTracker_Home_Guest_User_Validate_Bulk_order" tests="1" failures="0" timestamp="19 Jul 2018 08:18:31 GMT" time="63.628" errors="0">
  <testcase name="LampTracker_Home_GuestUser_CFLs_Flourescent_Validate_E2E_checkout" time="31.991" classname="Ebiz.LampTracker_Home_Guest_User_Validate_Bulk_order"/>
</testsuite> <!-- LampTracker_Home_Guest_User_Validate_Bulk_order -->
