<?xml version="1.0" encoding="UTF-8"?>
<!-- Generated by org.testng.reporters.JUnitXMLReporter -->
<testsuite hostname="MPINDO02PC560" ignored="0" name="Lamptracker_Home_verify_login_page_add_to_cart_flow" tests="1" failures="0" timestamp="19 Jul 2018 08:24:38 GMT" time="123.876" errors="0">
  <testcase name="Lamptracker_Home_verify_login_page_add_to_cart_flow" time="112.787" classname="Ebiz.Lamptracker_Home_verify_login_page_add_to_cart_flow"/>
</testsuite> <!-- Lamptracker_Home_verify_login_page_add_to_cart_flow -->
