<?xml version="1.0" encoding="UTF-8"?>
<!-- Generated by org.testng.reporters.JUnitXMLReporter -->
<testsuite hostname="MPINDO02PC560" ignored="0" name="LampTracker_BusinessUser_RegisteredUser_FluorescentBulb_Validate_ContinueShoppingBtn" tests="1" failures="0" timestamp="19 Jul 2018 14:42:29 GMT" time="200.777" errors="0">
  <testcase name="LampTracker_BusinessUser_RegisteredUser_FluorescentBulb_Validate_E2ECheckout" time="147.306" classname="Ebiz.Ecom.LampTracker_BusinessUser_RegisteredUser_FluorescentBulb_Validate_ContinueShoppingBtn"/>
</testsuite> <!-- LampTracker_BusinessUser_RegisteredUser_FluorescentBulb_Validate_ContinueShoppingBtn -->
