<?xml version="1.0" encoding="UTF-8"?>
<!-- Generated by org.testng.reporters.JUnitXMLReporter -->
<testsuite hostname="MPINDO02PC560" ignored="0" name="MVP13_ResidentialCurbsidePage_defaultValueVerification" tests="1" failures="0" timestamp="12 Jul 2018 10:15:28 GMT" time="47.328" errors="0">
  <testcase name="MVP13_ResidentialCurbsidePage_defaultValueVerification" time="28.203" classname="Ebiz.MVP.MVP13_ResidentialCurbsidePage_defaultValueVerification"/>
</testsuite> <!-- MVP13_ResidentialCurbsidePage_defaultValueVerification -->
