<?xml version="1.0" encoding="UTF-8"?>
<!-- Generated by org.testng.reporters.JUnitXMLReporter -->
<testsuite hostname="MPINDO02PC560" ignored="0" name="MVP27_ValidateAddressWithNoServiceStateCurbsideNaviagteTo_NoServiceAvailablePage" tests="1" failures="0" timestamp="12 Jul 2018 10:14:40 GMT" time="92.503" errors="0">
  <testcase name="MVP27_ValidateAddressWithNoServiceStateCurbsideNaviagteTo_NoServiceAvailablePage" time="75.653" classname="Ebiz.MVP.MVP27_ValidateAddressWithNoServiceStateCurbsideNaviagteTo_NoServiceAvailablePage"/>
</testsuite> <!-- MVP27_ValidateAddressWithNoServiceStateCurbsideNaviagteTo_NoServiceAvailablePage -->
