<?xml version="1.0" encoding="UTF-8"?>
<!-- Generated by org.testng.reporters.JUnitXMLReporter -->
<testsuite hostname="MPINDO02PC560" ignored="0" name="MVP_CurbsideGuestuserBundled_WastePickupwithRecyclingWate_quantity1" tests="1" failures="0" timestamp="12 Jul 2018 08:54:08 GMT" time="278.634" errors="0">
  <testcase name="MVP_CurbsideGuestuserBundled_WastePickupwithRecyclingWate_quantity1" time="266.533" classname="Ebiz.MVP.MVP_CurbsideGuestuserBundled_WastePickupwithRecyclingWate_quantity1"/>
</testsuite> <!-- MVP_CurbsideGuestuserBundled_WastePickupwithRecyclingWate_quantity1 -->
