<?xml version="1.0" encoding="UTF-8"?>
<!-- Generated by org.testng.reporters.JUnitXMLReporter -->
<testsuite hostname="MPINDO02PC560" ignored="0" name="MVP_ResidentialUser_FromResidentialCurbsidePage_Curbside_RegisteredUserForResiSection_SignUpFlow_CurbsideOrderE2E" tests="1" failures="0" timestamp="02 Aug 2018 08:38:17 GMT" time="267.703" errors="0">
  <testcase name="MVP_FromResidentialCurbsidePage_Curbside_RegisteredUserForResiSection_SignUpFlow_CurbsideOrderE2E" time="246.993" classname="Ebiz.MVP.MVP_ResidentialUser_FromResidentialCurbsidePage_Curbside_RegisteredUserForResiSection_SignUpFlow_CurbsideOrderE2E"/>
</testsuite> <!-- MVP_ResidentialUser_FromResidentialCurbsidePage_Curbside_RegisteredUserForResiSection_SignUpFlow_CurbsideOrderE2E -->
