<?xml version="1.0" encoding="UTF-8"?>
<!-- Generated by org.testng.reporters.JUnitXMLReporter -->
<testsuite hostname="MPINDO02PC560" ignored="0" name="MVP_Validation_AddressProvided_OnHomePage_CookiedOnDiffernetPage" tests="1" failures="0" timestamp="12 Jul 2018 10:24:55 GMT" time="131.416" errors="0">
  <testcase name="MVP_Validation_AddressProvided_OnHomePage_CookiedOnDiffernetPage" time="114.479" classname="Ebiz.MVP.MVP_Validation_AddressProvided_OnHomePage_CookiedOnDiffernetPage"/>
</testsuite> <!-- MVP_Validation_AddressProvided_OnHomePage_CookiedOnDiffernetPage -->
