<?xml version="1.0" encoding="UTF-8"?>
<!-- Generated by org.testng.reporters.JUnitXMLReporter -->
<testsuite hostname="MPINDO02PC560" ignored="0" name="MVP_CurbsideGuestuserBundled_WastPickupwithRecyclingPickupQuantitymorethan1" tests="1" failures="0" timestamp="12 Jul 2018 09:05:03 GMT" time="302.439" errors="0">
  <testcase name="MVP_CurbsideGuestuserBundled_WastPickupwithRecyclingPickupQuantitymorethan1" time="281.004" classname="Ebiz.MVP.MVP_CurbsideGuestuserBundled_WastPickupwithRecyclingPickupQuantitymorethan1"/>
</testsuite> <!-- MVP_CurbsideGuestuserBundled_WastPickupwithRecyclingPickupQuantitymorethan1 -->
