<?xml version="1.0" encoding="UTF-8"?>
<!-- Generated by org.testng.reporters.JUnitXMLReporter -->
<testsuite hostname="MPINDO02PC560" ignored="0" name="MVP_VerifytheCSRMail_Customersuppliedbags_SignUpflow_Guest_user_New_LOW" tests="1" failures="0" timestamp="12 Jul 2018 10:30:20 GMT" time="324.476" errors="0">
  <testcase name="MVP_VerifytheCSRMail_Customersuppliedbags_SignUpflow_Guest_user_New_LOW" time="310.442" classname="Ebiz.MVP.MVP_VerifytheCSRMail_Customersuppliedbags_SignUpflow_Guest_user_New_LOW"/>
</testsuite> <!-- MVP_VerifytheCSRMail_Customersuppliedbags_SignUpflow_Guest_user_New_LOW -->
