<?xml version="1.0" encoding="UTF-8"?>
<!-- Generated by org.testng.reporters.JUnitXMLReporter -->
<testsuite hostname="MPINDO02PC560" ignored="0" name="MVP_BusinessUser_FromResidentialCurbsidePage_Curbside_RegisteredUserForResiSection_SignUpFlow_CurbsideOrderE2E" tests="1" failures="0" timestamp="02 Aug 2018 08:33:49 GMT" time="337.493" errors="0">
  <testcase name="MVP_GuestUser_FromResidentialCurbsidePage_Curbside_RegisteredUserForResiSection_SignUpFlow_CurbsideOrderE2E" time="317.29" classname="Ebiz.MVP.MVP_BusinessUser_FromResidentialCurbsidePage_Curbside_RegisteredUserForResiSection_SignUpFlow_CurbsideOrderE2E"/>
</testsuite> <!-- MVP_BusinessUser_FromResidentialCurbsidePage_Curbside_RegisteredUserForResiSection_SignUpFlow_CurbsideOrderE2E -->
