<?xml version="1.0" encoding="UTF-8"?>
<!-- Generated by org.testng.reporters.JUnitXMLReporter -->
<testsuite hostname="MPINDO02PC560" ignored="0" name="MyAccount_ToCheckVariousSectionExistenceAndNavigationNewMyAccountPage" tests="1" failures="1" timestamp="14 Sep 2018 09:49:15 GMT" time="173.813" errors="0">
  <testcase name="@AfterClass quitReport" time="0.377" classname="Ebiz.BaseClass">
    <failure type="java.lang.AssertionError">
      <![CDATA[java.lang.AssertionError: 
at SupportLibraries.report.FailTest(report.java:169)
at Ebiz.BaseClass.quitReport(BaseClass.java:92)
at java.util.concurrent.FutureTask.run(FutureTask.java:266)
at java.util.concurrent.ThreadPoolExecutor.runWorker(ThreadPoolExecutor.java:1142)
at java.util.concurrent.ThreadPoolExecutor$Worker.run(ThreadPoolExecutor.java:617)
at java.lang.Thread.run(Thread.java:745)
... Removed 20 stack frames]]>
    </failure>
  </testcase> <!-- @AfterClass quitReport -->
  <testcase name="MyAccount_ToCheckVariousSectionExistenceAndNavigationNewMyAccountPage" time="77.767" classname="Ebiz.MyAccount.MyAccount_ToCheckVariousSectionExistenceAndNavigationNewMyAccountPage">
    <failure type="java.lang.AssertionError">
      <![CDATA[java.lang.AssertionError: 
at SupportLibraries.report.FailTest(report.java:149)
at ObjectRepository.homePage.verifyLinkActive(homePage.java:977)
at ObjectRepository.homePage.verifyAllLinks(homePage.java:921)
at Ebiz.MyAccount.MyAccount_ToCheckVariousSectionExistenceAndNavigationNewMyAccountPage.MyAccount_ToCheckVariousSectionExistenceAndNavigationNewMyAccountPage(MyAccount_ToCheckVariousSectionExistenceAndNavigationNewMyAccountPage.java:44)
at java.util.concurrent.FutureTask.run(FutureTask.java:266)
at java.util.concurrent.ThreadPoolExecutor.runWorker(ThreadPoolExecutor.java:1142)
at java.util.concurrent.ThreadPoolExecutor$Worker.run(ThreadPoolExecutor.java:617)
at java.lang.Thread.run(Thread.java:745)
... Removed 19 stack frames]]>
    </failure>
  </testcase> <!-- MyAccount_ToCheckVariousSectionExistenceAndNavigationNewMyAccountPage -->
</testsuite> <!-- MyAccount_ToCheckVariousSectionExistenceAndNavigationNewMyAccountPage -->
