<?xml version="1.0" encoding="UTF-8"?>
<!-- Generated by org.testng.reporters.JUnitXMLReporter -->
<testsuite hostname="MPINDO02PC560" ignored="0" name="NewSiteHeader_LoginIcon_Functionality_No_EZpayId_Linked_Non_Cookied" tests="1" failures="0" timestamp="23 Jul 2018 15:32:08 GMT" time="81.611" errors="0">
  <testcase name="NewSiteHeader_LoginIcon_Functionality_No_EZpayId_Linked_Non_Cookied" time="57.939" classname="Ebiz.Regression.NewSiteHeader_LoginIcon_Functionality_No_EZpayId_Linked_Non_Cookied"/>
</testsuite> <!-- NewSiteHeader_LoginIcon_Functionality_No_EZpayId_Linked_Non_Cookied -->
