<?xml version="1.0" encoding="UTF-8"?>
<!-- Generated by org.testng.reporters.JUnitXMLReporter -->
<testsuite hostname="MPINDO02PC560" ignored="0" name="OnlineAccountActivityAlerts_PaperLessBilling_Signup_Unenroll" tests="1" failures="0" timestamp="23 Jul 2018 15:48:45 GMT" time="337.417" errors="0">
  <testcase name="OnlineAccountActivityAlerts_PaperLessBilling_Signup_Unenroll" time="317.632" classname="Ebiz.Regression.OnlineAccountActivityAlerts_PaperLessBilling_Signup_Unenroll"/>
</testsuite> <!-- OnlineAccountActivityAlerts_PaperLessBilling_Signup_Unenroll -->
