<?xml version="1.0" encoding="UTF-8"?>
<!-- Generated by org.testng.reporters.JUnitXMLReporter -->
<testsuite hostname="MPINDO02PC560" ignored="0" name="OnlineAccountActivityAlerts_AutoPayments_Signup_Unenroll" tests="1" failures="0" timestamp="23 Jul 2018 15:43:08 GMT" time="352.786" errors="0">
  <testcase name="OnlineAccountActivityAlerts_AutoPayments_Signup_Unenroll" time="331.863" classname="Ebiz.Regression.OnlineAccountActivityAlerts_AutoPayments_Signup_Unenroll"/>
</testsuite> <!-- OnlineAccountActivityAlerts_AutoPayments_Signup_Unenroll -->
