<?xml version="1.0" encoding="UTF-8"?>
<!-- Generated by org.testng.reporters.JUnitXMLReporter -->
<testsuite hostname="MPINDO02PC560" ignored="0" name="RequestNewServiceLoggedIn" tests="2" failures="0" timestamp="17 Jul 2018 09:49:30 GMT" time="427.712" errors="0">
  <testcase name="RequestNewServiceGuest" time="60.305" classname="Ebiz.RequestNewServiceLoggedIn"/>
  <testcase name="RequestNewServiceLoggedin" time="337.104" classname="Ebiz.RequestNewServiceLoggedIn"/>
</testsuite> <!-- RequestNewServiceLoggedIn -->
