<?xml version="1.0" encoding="UTF-8"?>
<!-- Generated by org.testng.reporters.JUnitXMLReporter -->
<testsuite hostname="MPINDO02PC560" ignored="0" name="ResidentialLandingPage_UIvalidation_AddressedCookied" tests="1" failures="0" timestamp="23 Jul 2018 15:53:55 GMT" time="310.056" errors="0">
  <testcase name="ResidentialLandingPage_UIvalidation_AddressedCookied" time="294.751" classname="Ebiz.Regression.ResidentialLandingPage_UIvalidation_AddressedCookied"/>
</testsuite> <!-- ResidentialLandingPage_UIvalidation_AddressedCookied -->
