<?xml version="1.0" encoding="UTF-8"?>
<!-- Generated by org.testng.reporters.JUnitXMLReporter -->
<testsuite hostname="MPINDO02PC560" ignored="0" name="Residentiallandingpage_whatwouldyouliketoDo" tests="1" failures="0" timestamp="23 Jul 2018 15:58:06 GMT" time="44.894" errors="0">
  <testcase name="Residentiallandingpage_whatwouldyouliketoDo" time="27.267" classname="Ebiz.Regression.Residentiallandingpage_whatwouldyouliketoDo"/>
</testsuite> <!-- Residentiallandingpage_whatwouldyouliketoDo -->
