<?xml version="1.0" encoding="UTF-8"?>
<!-- Generated by org.testng.reporters.JUnitXMLReporter -->
<testsuite hostname="MPINDO02PC560" ignored="0" name="ResidentialLandingPage_UIvalidation_AnonymousUser" tests="1" failures="0" timestamp="23 Jul 2018 15:57:21 GMT" time="205.67" errors="0">
  <testcase name="ResidentialLandingPage_UIvalidation_AnonymousUser" time="186.956" classname="Ebiz.Regression.ResidentialLandingPage_UIvalidation_AnonymousUser"/>
</testsuite> <!-- ResidentialLandingPage_UIvalidation_AnonymousUser -->
