<?xml version="1.0" encoding="UTF-8"?>
<!-- Generated by org.testng.reporters.JUnitXMLReporter -->
<testsuite hostname="MPINDO02PC560" ignored="0" name="ResiLandingPage_WelcomeWidget_Verification_NonLoggedUserAndLoggedUser" tests="1" failures="0" timestamp="23 Jul 2018 15:59:53 GMT" time="107.51" errors="0">
  <testcase name="ResiLandingPage_WelcomeWidget_Verification_NonLoggedUserAndLoggedUser" time="90.679" classname="Ebiz.Regression.ResiLandingPage_WelcomeWidget_Verification_NonLoggedUserAndLoggedUser"/>
</testsuite> <!-- ResiLandingPage_WelcomeWidget_Verification_NonLoggedUserAndLoggedUser -->
