<?xml version="1.0" encoding="UTF-8"?>
<!-- Generated by org.testng.reporters.JUnitXMLReporter -->
<testsuite hostname="MPINDO02PC560" ignored="0" name="SMB_002_RegisteredUser_promocodediscounttowastepickupandoptionalrecyclingoryardfoodwastepickup" tests="1" failures="0" timestamp="23 Jul 2018 16:08:55 GMT" time="205.376" errors="0">
  <testcase name="SMB_002_RegisteredUser_promocodediscounttowastepickupandoptionalrecyclingoryardfoodwastepickup" time="169.978" classname="Ebiz.Regression.SMB_002_RegisteredUser_promocodediscounttowastepickupandoptionalrecyclingoryardfoodwastepickup"/>
</testsuite> <!-- SMB_002_RegisteredUser_promocodediscounttowastepickupandoptionalrecyclingoryardfoodwastepickup -->
