<?xml version="1.0" encoding="UTF-8"?>
<!-- Generated by org.testng.reporters.JUnitXMLReporter -->
<testsuite hostname="MPINDO02PC560" ignored="0" name="SMB_ProductDetail_ProductListingPage_Pageverification_ForBusinesstab_Registereduser" tests="1" failures="0" timestamp="23 Jul 2018 16:14:57 GMT" time="361.694" errors="0">
  <testcase name="SMB_ProductDetail_ProductListingPage_Pageverification_ForBusinesstab_Registereduser" time="343.08" classname="Ebiz.Regression.SMB_ProductDetail_ProductListingPage_Pageverification_ForBusinesstab_Registereduser"/>
</testsuite> <!-- SMB_ProductDetail_ProductListingPage_Pageverification_ForBusinesstab_Registereduser -->
