<?xml version="1.0" encoding="UTF-8"?>
<!-- Generated by org.testng.reporters.JUnitXMLReporter -->
<testsuite hostname="MPINDO02PC560" ignored="0" name="SMB_order_Guestuser_promocodevalidation_EditBilling_EditPayment_Checktermncond" tests="1" failures="0" timestamp="19 Jul 2018 08:34:27 GMT" time="183.37" errors="0">
  <testcase name="SMB_order_Guestuser_promocodevalidation_EditBilling_EditPayment_Checktermncond" time="171.904" classname="Ebiz.SMB_order_Guestuser_promocodevalidation_EditBilling_EditPayment_Checktermncond"/>
</testsuite> <!-- SMB_order_Guestuser_promocodevalidation_EditBilling_EditPayment_Checktermncond -->
