<?xml version="1.0" encoding="UTF-8"?>
<!-- Generated by org.testng.reporters.JUnitXMLReporter -->
<testsuite hostname="MPINDO02PC560" ignored="0" name="SMB_order_Registereduser_VerifyorderEditBilling_VerifyorderEditPayment" tests="1" failures="0" timestamp="19 Jul 2018 08:37:13 GMT" time="166.435" errors="0">
  <testcase name="SMB_order_Registereduser_VerifyorderEditBilling_VerifyorderEditPayment" time="155.175" classname="Ebiz.SMB_order_Registereduser_VerifyorderEditBilling_VerifyorderEditPayment"/>
</testsuite> <!-- SMB_order_Registereduser_VerifyorderEditBilling_VerifyorderEditPayment -->
