<?xml version="1.0" encoding="UTF-8"?>
<!-- Generated by org.testng.reporters.JUnitXMLReporter -->
<testsuite hostname="MPINDO02PC560" ignored="0" name="SMB_Registered_ToValidateVerifyorderscreen_RegistrationOfUser" tests="1" failures="0" timestamp="17 Jul 2018 09:54:16 GMT" time="285.9" errors="0">
  <testcase name="SMB_Registered_ToValidateVerifyorderscreen_RegistrationOfUser" time="271.864" classname="Ebiz.SMB_Registered_ToValidateVerifyorderscreen_RegistrationOfUser"/>
</testsuite> <!-- SMB_Registered_ToValidateVerifyorderscreen_RegistrationOfUser -->
