<?xml version="1.0" encoding="UTF-8"?>
<!-- Generated by org.testng.reporters.JUnitXMLReporter -->
<testsuite hostname="MPINDO02PC560" ignored="0" name="SMB_002_GuestUserPromoCodeDiscounttowastepickupandoptionalrecyclingoryardfoodwastepickup_Signup" tests="1" failures="0" timestamp="23 Jul 2018 16:05:30 GMT" time="253.709" errors="0">
  <testcase name="SMB_002_GuestUserPromoCodeDiscounttowastepickupandoptionalrecyclingoryardfoodwastepickup_Signup" time="155.87" classname="Ebiz.Regression.SMB_002_GuestUserPromoCodeDiscounttowastepickupandoptionalrecyclingoryardfoodwastepickup_Signup"/>
</testsuite> <!-- SMB_002_GuestUserPromoCodeDiscounttowastepickupandoptionalrecyclingoryardfoodwastepickup_Signup -->
