<?xml version="1.0" encoding="UTF-8"?>
<!-- Generated by org.testng.reporters.JUnitXMLReporter -->
<testsuite hostname="LalitJain" ignored="1" name="test1" tests="8" failures="0" timestamp="14 Jul 2019 06:05:49 GMT" time="78.17" errors="0">
  <testcase name="toTestRegisteruserFunctionality" time="2.112" classname="MOF_testcases.toRegisterUserusingDataProvider"/>
  <testcase name="toTestRegisteruserFunctionality" time="2.055" classname="MOF_testcases.toRegisterUserusingDataProvider"/>
  <testcase name="toTestRegisteruserFunctionality" time="1.873" classname="MOF_testcases.toRegisterUserusingDataProvider"/>
  <testcase name="toTestRegisteruserFunctionality" time="2.067" classname="MOF_testcases.toRegisterUserusingDataProvider"/>
  <testcase name="toTestRegisteruserFunctionality" time="1.873" classname="MOF_testcases.toRegisterUserusingDataProvider"/>
  <testcase name="toTestRegisteruserFunctionality" time="1.879" classname="MOF_testcases.toRegisterUserusingDataProvider"/>
  <testcase name="toTestRegisteruserFunctionality" time="1.887" classname="MOF_testcases.toRegisterUserusingDataProvider"/>
  <testcase name="toTestRegisteruserFunctionality" time="2.594" classname="MOF_testcases.toRegisterUser"/>
  <testcase name="@BeforeSuite initializeWebdriver" time="0.0" classname="package1.BaseClass">
    <ignored/>
  </testcase> <!-- @BeforeSuite initializeWebdriver -->
</testsuite> <!-- test1 -->
