<?xml version="1.0" encoding="UTF-8"?>
<!-- Generated by org.testng.reporters.JUnitXMLReporter -->
<testsuite hostname="MPINDO02PC560" ignored="0" name="ToCreate_RecyclingFacility" tests="4" failures="0" timestamp="19 Sep 2018 09:34:52 GMT" time="557.096" errors="0">
  <testcase name="SFDC_CreateOperatingSchedule" time="107.26" classname="Ebiz.SFDC.ToCreate_RecyclingFacility"/>
  <testcase name="SFDC_CreateFacilityContactInformation_CustomerService" time="113.934" classname="Ebiz.SFDC.ToCreate_RecyclingFacility"/>
  <testcase name="SFDC_CreateFacilityContactInformation_Sales" time="94.909" classname="Ebiz.SFDC.ToCreate_RecyclingFacility"/>
  <testcase name="SFDC_CreateFacilityRecycling" time="183.167" classname="Ebiz.SFDC.ToCreate_RecyclingFacility"/>
</testsuite> <!-- ToCreate_RecyclingFacility -->
