<?xml version="1.0" encoding="UTF-8"?>
<!-- Generated by org.testng.reporters.JUnitXMLReporter -->
<testsuite hostname="MPINDO02PC560" ignored="0" name="ToCreate_TransferStationFacility" tests="4" failures="0" timestamp="19 Sep 2018 09:25:35 GMT" time="585.31" errors="0">
  <testcase name="SFDC_CreateOperatingSchedule" time="117.489" classname="Ebiz.SFDC.ToCreate_TransferStationFacility"/>
  <testcase name="SFDC_CreateFacilityContactInformation_CustomerService" time="123.725" classname="Ebiz.SFDC.ToCreate_TransferStationFacility"/>
  <testcase name="SFDC_CreateFacilityContactInformation_Sales" time="94.772" classname="Ebiz.SFDC.ToCreate_TransferStationFacility"/>
  <testcase name="SFDC_CreateFacilityTransferStation" time="183.083" classname="Ebiz.SFDC.ToCreate_TransferStationFacility"/>
</testsuite> <!-- ToCreate_TransferStationFacility -->
