<?xml version="1.0" encoding="UTF-8"?>
<!-- Generated by org.testng.reporters.JUnitXMLReporter -->
<testsuite hostname="MPINDO02PC560" ignored="0" name="ToCreate_HaulingFacility" tests="4" failures="0" timestamp="19 Sep 2018 09:15:49 GMT" time="547.683" errors="0">
  <testcase name="SFDC_CreateOperatingSchedule" time="115.701" classname="Ebiz.SFDC.ToCreate_HaulingFacility"/>
  <testcase name="SFDC_CreateFacilityContactInformation_CustomerService" time="97.992" classname="Ebiz.SFDC.ToCreate_HaulingFacility"/>
  <testcase name="SFDC_CreateFacilityContactInformation_Sales" time="87.353" classname="Ebiz.SFDC.ToCreate_HaulingFacility"/>
  <testcase name="SFDC_CreateFacilityHauling" time="190.688" classname="Ebiz.SFDC.ToCreate_HaulingFacility"/>
</testsuite> <!-- ToCreate_HaulingFacility -->
