<?xml version="1.0" encoding="UTF-8"?>
<!-- Generated by org.testng.reporters.JUnitXMLReporter -->
<testsuite hostname="MPINDO02PC560" ignored="0" name="ValidateFor_MedicalOffices_Type_Business_LoggedInUser" tests="1" failures="0" timestamp="19 Jul 2018 14:51:28 GMT" time="66.637" errors="0">
  <testcase name="ValidateFor_MedicalOffices_Type_Business_LoggedInUser" time="44.245" classname="Ebiz.Ecom.ValidateFor_MedicalOffices_Type_Business_LoggedInUser"/>
</testsuite> <!-- ValidateFor_MedicalOffices_Type_Business_LoggedInUser -->
