<?xml version="1.0" encoding="UTF-8"?>
<!-- Generated by org.testng.reporters.JUnitXMLReporter -->
<testsuite hostname="MPINDO02PC560" ignored="0" name="ValidatescheduledeliveryinformationpageCalendar_Signup_RegisterUser" tests="1" failures="0" timestamp="23 Jul 2018 16:28:04 GMT" time="87.789" errors="0">
  <testcase name="SMB_ProductDetail_ProductListingPage_Pageverification_ForBusinesstab_Registereduser" time="70.981" classname="Ebiz.Regression.ValidatescheduledeliveryinformationpageCalendar_Signup_RegisterUser"/>
</testsuite> <!-- ValidatescheduledeliveryinformationpageCalendar_Signup_RegisterUser -->
