<?xml version="1.0" encoding="UTF-8"?>
<!-- Generated by org.testng.reporters.JUnitXMLReporter -->
<testsuite hostname="MPINDO02PC560" ignored="0" name="ValidationHeader_ThinkGreen" tests="1" failures="1" timestamp="14 Sep 2018 10:54:05 GMT" time="31.131" errors="0">
  <testcase name="@AfterClass quitReport" time="0.078" classname="Ebiz.BaseClass">
    <failure type="java.lang.AssertionError">
      <![CDATA[java.lang.AssertionError: 
at SupportLibraries.report.FailTest(report.java:169)
at Ebiz.BaseClass.quitReport(BaseClass.java:92)
at java.util.concurrent.FutureTask.run(FutureTask.java:266)
at java.util.concurrent.ThreadPoolExecutor.runWorker(ThreadPoolExecutor.java:1142)
at java.util.concurrent.ThreadPoolExecutor$Worker.run(ThreadPoolExecutor.java:617)
at java.lang.Thread.run(Thread.java:745)
... Removed 20 stack frames]]>
    </failure>
  </testcase> <!-- @AfterClass quitReport -->
  <testcase name="ValidationHeader_ThinkGreen1" time="14.396" classname="Ebiz.Entrymdoule.ValidationHeader_ThinkGreen">
    <failure type="java.lang.AssertionError">
      <![CDATA[java.lang.AssertionError: 
at SupportLibraries.report.FailTest(report.java:149)
at ObjectRepository.homePage.ValidateThinkGreenHeaderLinks(homePage.java:1206)
at Ebiz.Entrymdoule.ValidationHeader_ThinkGreen.ValidationHeader_ThinkGreen1(ValidationHeader_ThinkGreen.java:32)
at java.util.concurrent.FutureTask.run(FutureTask.java:266)
at java.util.concurrent.ThreadPoolExecutor.runWorker(ThreadPoolExecutor.java:1142)
at java.util.concurrent.ThreadPoolExecutor$Worker.run(ThreadPoolExecutor.java:617)
at java.lang.Thread.run(Thread.java:745)
... Removed 19 stack frames]]>
    </failure>
  </testcase> <!-- ValidationHeader_ThinkGreen1 -->
</testsuite> <!-- ValidationHeader_ThinkGreen -->
