<?xml version="1.0" encoding="UTF-8"?>
<!-- Generated by org.testng.reporters.JUnitXMLReporter -->
<testsuite hostname="MPINDO02PC560" ignored="0" name="verify_make_One_Time_Payment_User_Credit_Card_MAS_DB" tests="1" failures="1" timestamp="14 Sep 2018 10:10:45 GMT" time="278.546" errors="0">
  <testcase name="@AfterClass quitReport" time="0.077" classname="Ebiz.BaseClass">
    <failure type="java.lang.AssertionError">
      <![CDATA[java.lang.AssertionError: 
at SupportLibraries.report.FailTest(report.java:169)
at Ebiz.BaseClass.quitReport(BaseClass.java:92)
at java.util.concurrent.FutureTask.run(FutureTask.java:266)
at java.util.concurrent.ThreadPoolExecutor.runWorker(ThreadPoolExecutor.java:1142)
at java.util.concurrent.ThreadPoolExecutor$Worker.run(ThreadPoolExecutor.java:617)
at java.lang.Thread.run(Thread.java:745)
... Removed 20 stack frames]]>
    </failure>
  </testcase> <!-- @AfterClass quitReport -->
  <testcase name="verify_make_One_Time_Payment_User_Credit_Card_MAS_DB" time="261.28" classname="Ebiz.MyAccount.verify_make_One_Time_Payment_User_Credit_Card_MAS_DB">
    <failure type="java.lang.AssertionError">
      <![CDATA[java.lang.AssertionError: 
at SupportLibraries.report.FailTestStop(report.java:206)
at SupportLibraries.Util.macroToExtent(Util.java:1639)
at Ebiz.MyAccount.verify_make_One_Time_Payment_User_Credit_Card_MAS_DB.verify_make_One_Time_Payment_User_Credit_Card_MAS_DB(verify_make_One_Time_Payment_User_Credit_Card_MAS_DB.java:58)
at java.util.concurrent.FutureTask.run(FutureTask.java:266)
at java.util.concurrent.ThreadPoolExecutor.runWorker(ThreadPoolExecutor.java:1142)
at java.util.concurrent.ThreadPoolExecutor$Worker.run(ThreadPoolExecutor.java:617)
at java.lang.Thread.run(Thread.java:745)
... Removed 19 stack frames]]>
    </failure>
  </testcase> <!-- verify_make_One_Time_Payment_User_Credit_Card_MAS_DB -->
</testsuite> <!-- verify_make_One_Time_Payment_User_Credit_Card_MAS_DB -->
