<?xml version="1.0" encoding="UTF-8"?>
<!-- Generated by org.testng.reporters.JUnitXMLReporter -->
<testsuite hostname="MPINDO02PC560" ignored="0" name="Verify_Status_Paperless_Autopay_Enrolled_Autopay_Yes_LN" tests="1" failures="0" timestamp="12 Sep 2018 10:26:16 GMT" time="422.088" errors="0">
  <testcase name="Verify_Status_Paperless_Autopay_Enrolled_Autopay_Yes_LN" time="407.122" classname="Ebiz.MyAccount.Verify_Status_Paperless_Autopay_Enrolled_Autopay_Yes_LN"/>
</testsuite> <!-- Verify_Status_Paperless_Autopay_Enrolled_Autopay_Yes_LN -->
