<?xml version="1.0" encoding="UTF-8"?>
<!-- Generated by org.testng.reporters.JUnitXMLReporter -->
<testsuite hostname="MPINDO02PC560" ignored="0" name="Verify_Status_Paperless_Autopay_Enrolled_Autopay_Yes_CM" tests="1" failures="0" timestamp="12 Sep 2018 10:19:13 GMT" time="226.527" errors="0">
  <testcase name="Verify_Status_Paperless_Autopay_Enrolled_Autopay_Yes_CM" time="205.669" classname="Ebiz.MyAccount.Verify_Status_Paperless_Autopay_Enrolled_Autopay_Yes_CM"/>
</testsuite> <!-- Verify_Status_Paperless_Autopay_Enrolled_Autopay_Yes_CM -->
