<?xml version="1.0" encoding="UTF-8"?>
<!-- Generated by org.testng.reporters.JUnitXMLReporter -->
<testsuite hostname="MPINDO02PC560" ignored="0" name="VerifySMBmodalwindowwhenalreadyproductinthecartSMBProduct_DeclineScenario_Scheduledwastepickup" tests="1" failures="0" timestamp="23 Jul 2018 16:39:09 GMT" time="175.137" errors="0">
  <testcase name="VerifySMBmodalwindowwhenalreadyproductinthecartSMBProduct_DeclineScenario_Scheduledwastepickup" time="158.5" classname="Ebiz.Regression.VerifySMBmodalwindowwhenalreadyproductinthecartSMBProduct_DeclineScenario_Scheduledwastepickup"/>
</testsuite> <!-- VerifySMBmodalwindowwhenalreadyproductinthecartSMBProduct_DeclineScenario_Scheduledwastepickup -->
