<?xml version="1.0" encoding="UTF-8"?>
<!-- Generated by org.testng.reporters.JUnitXMLReporter -->
<testsuite hostname="MPINDO02PC560" ignored="0" name="verify_DumpsterCategory_removed_PriceShown_ForNewCustomerText" tests="1" failures="0" timestamp="19 Jul 2018 14:52:51 GMT" time="83.408" errors="0">
  <testcase name="verify_DumpsterCategory_removed_PriceShown_ForNewCustomerText" time="64.659" classname="Ebiz.Ecom.verify_DumpsterCategory_removed_PriceShown_ForNewCustomerText"/>
</testsuite> <!-- verify_DumpsterCategory_removed_PriceShown_ForNewCustomerText -->
