<?xml version="1.0" encoding="UTF-8"?>
<!-- Generated by org.testng.reporters.JUnitXMLReporter -->
<testsuite hostname="MPINDO02PC560" ignored="0" name="VerifySMBmodalwindowwhenalreadyproductinthecartSMBProduct_DeclineScenario_Reguser_new" tests="1" failures="0" timestamp="23 Jul 2018 16:36:14 GMT" time="234.546" errors="0">
  <testcase name="VerifySMBmodalwindowwhenalreadyproductinthecartSMBProduct_DeclineScenario_Reguser_new" time="216.404" classname="Ebiz.Regression.VerifySMBmodalwindowwhenalreadyproductinthecartSMBProduct_DeclineScenario_Reguser_new"/>
</testsuite> <!-- VerifySMBmodalwindowwhenalreadyproductinthecartSMBProduct_DeclineScenario_Reguser_new -->
