<?xml version="1.0" encoding="UTF-8"?>
<!-- Generated by org.testng.reporters.JUnitXMLReporter -->
<testsuite hostname="MPINDO02PC560" ignored="0" name="Verify_Status_Paperless_AutoPay_Enrolle_NO_RO" tests="1" failures="0" timestamp="12 Sep 2018 10:11:22 GMT" time="635.716" errors="0">
  <testcase name="Verify_Status_Paperless_AutoPay_Enrolle_NO_CM" time="621.188" classname="Ebiz.MyAccount.Verify_Status_Paperless_AutoPay_Enrolle_NO_RO"/>
</testsuite> <!-- Verify_Status_Paperless_AutoPay_Enrolle_NO_RO -->
