<?xml version="1.0" encoding="UTF-8"?>
<!-- Generated by org.testng.reporters.JUnitXMLReporter -->
<testsuite hostname="MPINDO02PC560" ignored="0" name="VerifySearchResultsCustomer_Updated" tests="1" failures="1" timestamp="23 Jul 2018 16:32:19 GMT" time="92.629" errors="0">
  <testcase name="VerifySearchResultsCustomer_Updated" time="73.994" classname="Ebiz.Regression.VerifySearchResultsCustomer_Updated">
    <failure type="org.openqa.selenium.NoSuchFrameException" message="No frame element found by name or id csr-iframe
Build info: version: &amp;apos;3.12.0&amp;apos;, revision: &amp;apos;7c6e0b3&amp;apos;, time: &amp;apos;2018-05-08T14:04:26.12Z&amp;apos;
System info: host: &amp;apos;MPINDO02PC560&amp;apos;, ip: &amp;apos;10.132.34.185&amp;apos;, os.name: &amp;apos;Windows 10&amp;apos;, os.arch: &amp;apos;amd64&amp;apos;, os.version: &amp;apos;10.0&amp;apos;, java.version: &amp;apos;1.8.0_60&amp;apos;
Driver info: driver.version: unknown">
      <![CDATA[org.openqa.selenium.NoSuchFrameException: No frame element found by name or id csr-iframe
Build info: version: '3.12.0', revision: '7c6e0b3', time: '2018-05-08T14:04:26.12Z'
System info: host: 'MPINDO02PC560', ip: '10.132.34.185', os.name: 'Windows 10', os.arch: 'amd64', os.version: '10.0', java.version: '1.8.0_60'
Driver info: driver.version: unknown
at org.openqa.selenium.remote.RemoteWebDriver$RemoteTargetLocator.frame(RemoteWebDriver.java:876)
at ObjectRepository.CSR.ValidateEmailactivitypass(CSR.java:1514)
at Ebiz.Regression.VerifySearchResultsCustomer_Updated.VerifySearchResultsCustomer_Updated(VerifySearchResultsCustomer_Updated.java:54)
at java.util.concurrent.FutureTask.run(FutureTask.java:266)
at java.util.concurrent.ThreadPoolExecutor.runWorker(ThreadPoolExecutor.java:1142)
at java.util.concurrent.ThreadPoolExecutor$Worker.run(ThreadPoolExecutor.java:617)
at java.lang.Thread.run(Thread.java:745)
... Removed 16 stack frames]]>
    </failure>
  </testcase> <!-- VerifySearchResultsCustomer_Updated -->
</testsuite> <!-- VerifySearchResultsCustomer_Updated -->
