<?xml version="1.0" encoding="UTF-8"?>
<!-- Generated by org.testng.reporters.JUnitXMLReporter -->
<testsuite hostname="MPINDO02PC560" ignored="0" name="Verify_make_a_One_time_payment_Bank_Account_MAS_DB" tests="1" failures="1" timestamp="14 Sep 2018 09:53:47 GMT" time="271.915" errors="0">
  <testcase name="@AfterClass quitReport" time="0.144" classname="Ebiz.BaseClass">
    <failure type="java.lang.AssertionError">
      <![CDATA[java.lang.AssertionError: 
at SupportLibraries.report.FailTest(report.java:169)
at Ebiz.BaseClass.quitReport(BaseClass.java:92)
at java.util.concurrent.FutureTask.run(FutureTask.java:266)
at java.util.concurrent.ThreadPoolExecutor.runWorker(ThreadPoolExecutor.java:1142)
at java.util.concurrent.ThreadPoolExecutor$Worker.run(ThreadPoolExecutor.java:617)
at java.lang.Thread.run(Thread.java:745)
... Removed 20 stack frames]]>
    </failure>
  </testcase> <!-- @AfterClass quitReport -->
  <testcase name="Verify_make_a_One_time_payment_Bank_Account_MAS_DB" time="252.529" classname="Ebiz.MyAccount.Verify_make_a_One_time_payment_Bank_Account_MAS_DB">
    <failure type="java.lang.AssertionError">
      <![CDATA[java.lang.AssertionError: 
at SupportLibraries.report.FailTestStop(report.java:206)
at SupportLibraries.Util.macroToExtent(Util.java:1639)
at Ebiz.MyAccount.Verify_make_a_One_time_payment_Bank_Account_MAS_DB.Verify_make_a_One_time_payment_Bank_Account_MAS_DB(Verify_make_a_One_time_payment_Bank_Account_MAS_DB.java:65)
at java.util.concurrent.FutureTask.run(FutureTask.java:266)
at java.util.concurrent.ThreadPoolExecutor.runWorker(ThreadPoolExecutor.java:1142)
at java.util.concurrent.ThreadPoolExecutor$Worker.run(ThreadPoolExecutor.java:617)
at java.lang.Thread.run(Thread.java:745)
... Removed 19 stack frames]]>
    </failure>
  </testcase> <!-- Verify_make_a_One_time_payment_Bank_Account_MAS_DB -->
</testsuite> <!-- Verify_make_a_One_time_payment_Bank_Account_MAS_DB -->
