<?xml version="1.0" encoding="UTF-8"?>
<!-- Generated by org.testng.reporters.JUnitXMLReporter -->
<testsuite hostname="MPINDO02PC560" ignored="0" name="Verify_Status_Paperless_AutoPay_Enrolle_NO_LN" tests="1" failures="0" timestamp="12 Sep 2018 10:00:47 GMT" time="265.803" errors="0">
  <testcase name="Verify_Status_Paperless_AutoPay_Enrolle_NO_LN" time="254.676" classname="Ebiz.MyAccount.Verify_Status_Paperless_AutoPay_Enrolle_NO_LN"/>
</testsuite> <!-- Verify_Status_Paperless_AutoPay_Enrolle_NO_LN -->
