<?xml version="1.0" encoding="UTF-8"?>
<!-- Generated by org.testng.reporters.JUnitXMLReporter -->
<testsuite hostname="MPINDO02PC560" ignored="0" name="VisibilityofwidgetsatBusinessLandingpageforResiCustomer" tests="1" failures="0" timestamp="23 Jul 2018 16:43:00 GMT" time="52.404" errors="0">
  <testcase name="VisibilityofwidgetsatBusinessLandingpageforResiCustomer" time="37.274" classname="Ebiz.Regression.VisibilityofwidgetsatBusinessLandingpageforResiCustomer"/>
</testsuite> <!-- VisibilityofwidgetsatBusinessLandingpageforResiCustomer -->
