<?xml version="1.0" encoding="UTF-8"?>
<!-- Generated by org.testng.reporters.JUnitXMLReporter -->
<testsuite hostname="MPINDO02PC560" ignored="0" name="WM_4792_MyAccount_RegisteredUser_NewAccountPage_PartialPayments" tests="1" failures="0" timestamp="23 Jul 2018 10:26:04 GMT" time="57.764" errors="0">
  <testcase name="MyAccount_RegisteredUser_NewAccountPage_PartialPayments" time="39.251" classname="Ebiz.TestScenariosWise.WM_4792_MyAccount_RegisteredUser_NewAccountPage_PartialPayments"/>
</testsuite> <!-- WM_4792_MyAccount_RegisteredUser_NewAccountPage_PartialPayments -->
