<?xml version="1.0" encoding="UTF-8"?>
<!-- Generated by org.testng.reporters.JUnitXMLReporter -->
<testsuite hostname="MPINDO02PC560" ignored="0" name="WM_PassiveUserRegistration_GuestUserForBusinessSection_PermanentServc_SignUpFlow_DumpsterOrderE2E" tests="1" failures="0" timestamp="19 Jul 2018 14:58:38 GMT" time="276.078" errors="0">
  <testcase name="WM_PassiveUserRegistration_GuestUserForBusinessSection_PermanentServc_SignUpFlow_DumpsterOrderE2E" time="241.025" classname="Ebiz.Ecom.WM_PassiveUserRegistration_GuestUserForBusinessSection_PermanentServc_SignUpFlow_DumpsterOrderE2E"/>
</testsuite> <!-- WM_PassiveUserRegistration_GuestUserForBusinessSection_PermanentServc_SignUpFlow_DumpsterOrderE2E -->
