<?xml version="1.0" encoding="UTF-8"?>
<!-- Generated by org.testng.reporters.JUnitXMLReporter -->
<testsuite hostname="MPINDO02PC560" ignored="0" name="WM_PassiveUserRegistration_GuestUserForBusinessSection_TempServc_AddToCartFlow_DumpsterOrderE2E" tests="1" failures="0" timestamp="19 Jul 2018 15:03:18 GMT" time="280.58" errors="0">
  <testcase name="WM_PassiveUserRegistration_GuestUserForBusinessSection_TempServc_AddToCartFlow_DumpsterOrderE2E" time="256.06" classname="Ebiz.Ecom.WM_PassiveUserRegistration_GuestUserForBusinessSection_TempServc_AddToCartFlow_DumpsterOrderE2E"/>
</testsuite> <!-- WM_PassiveUserRegistration_GuestUserForBusinessSection_TempServc_AddToCartFlow_DumpsterOrderE2E -->
