<?xml version="1.0" encoding="UTF-8"?>
<!-- Generated by org.testng.reporters.JUnitXMLReporter -->
<testsuite hostname="MPINDO02PC560" ignored="0" name="WM_RegisteredUserForBusinessSection_PermanentServc_SignUpFlow_DumpsterOrderE2E_Different_Delivery_billingInfo" tests="1" failures="0" timestamp="19 Jul 2018 15:11:22 GMT" time="216.188" errors="0">
  <testcase name="WM_RegisteredUserForBusinessSection_PermanentServc_SignUpFlow_DumpsterOrderE2E_Different_Delivery_billingInfo" time="176.107" classname="Ebiz.Ecom.WM_RegisteredUserForBusinessSection_PermanentServc_SignUpFlow_DumpsterOrderE2E_Different_Delivery_billingInfo"/>
</testsuite> <!-- WM_RegisteredUserForBusinessSection_PermanentServc_SignUpFlow_DumpsterOrderE2E_Different_Delivery_billingInfo -->
